<?xml version="1.0" encoding="UTF-8"?>
<testng-results skipped="0" failed="0" ignored="0" total="1" passed="1">
  <reporter-output>
  </reporter-output>
  <suite name="Openchrome" duration-ms="12533" started-at="2020-10-28T08:42:19Z" finished-at="2020-10-28T08:42:32Z">
    <groups>
    </groups>
    <test name="Command line test" duration-ms="12533" started-at="2020-10-28T08:42:19Z" finished-at="2020-10-28T08:42:32Z">
      <class name="Openchrome">
        <test-method status="PASS" signature="test12()[pri:0, instance:Openchrome@19dfb72a]" name="test12" duration-ms="12514" started-at="2020-10-28T08:42:19Z" finished-at="2020-10-28T08:42:32Z">
          <reporter-output>
          </reporter-output>
        </test-method> <!-- test12 -->
      </class> <!-- Openchrome -->
    </test> <!-- Command line test -->
  </suite> <!-- Openchrome -->
</testng-results>
